<?xml version="1.0" encoding="utf-8" standalone="no"?>
<!--This file represents the results of running a test suite-->
<test-results name="C:\projects\IPReport\IPReport.Test\IPReport.Test.nunit" total="1" errors="0" failures="0" not-run="0" inconclusive="0" ignored="0" skipped="0" invalid="0" date="2013-03-18" time="21:24:41">
  <environment nunit-version="2.6.2.12296" clr-version="2.0.50727.6400" os-version="Microsoft Windows NT 6.2.9200.0" platform="Win32NT" cwd="C:\Program Files (x86)\NUnit 2.6.2\bin" machine-name="PORKCHOPEXPRESS" user="manns" user-domain="PorkchopExpress" />
  <culture-info current-culture="en-US" current-uiculture="en-US" />
  <test-suite type="Project" name="C:\projects\IPReport\IPReport.Test\IPReport.Test.nunit" executed="True" result="Success" success="True" time="0.083" asserts="0">
    <results>
      <test-suite type="Assembly" name="C:\projects\IPReport\IPReport.Test\bin\Debug\IPReport.Test.dll" executed="True" result="Success" success="True" time="0.075" asserts="0">
        <results>
          <test-suite type="Namespace" name="IPReport" executed="True" result="Success" success="True" time="0.074" asserts="0">
            <results>
              <test-suite type="Namespace" name="Test" executed="True" result="Success" success="True" time="0.074" asserts="0">
                <results>
                  <test-suite type="TestFixture" name="TimeEntryRepositoryTests" executed="True" result="Success" success="True" time="0.073" asserts="0">
                    <results>
                      <test-case name="IPReport.Test.TimeEntryRepositoryTests.TestQueryWithStore" executed="True" result="Success" success="True" time="0.065" asserts="2" />
                    </results>
                  </test-suite>
                </results>
              </test-suite>
            </results>
          </test-suite>
        </results>
      </test-suite>
    </results>
  </test-suite>
</test-results>